<?xml version="1.1" encoding="UTF-8"?>
<testsuite name="com.commercehub.dropwizard.authentication.AdUtilitiesTest" tests="5" failures="0" errors="0" timestamp="2014-09-24T15:02:23" hostname="MAC-BS-GH.local" time="0.011">
  <properties/>
  <testcase name="dnCaseInsensitiveParticleExtraction" classname="com.commercehub.dropwizard.authentication.AdUtilitiesTest" time="0.006"/>
  <testcase name="dnParticleExtraction" classname="com.commercehub.dropwizard.authentication.AdUtilitiesTest" time="0.001"/>
  <testcase name="dnParticlesExtraction" classname="com.commercehub.dropwizard.authentication.AdUtilitiesTest" time="0.002"/>
  <testcase name="checkMisses" classname="com.commercehub.dropwizard.authentication.AdUtilitiesTest" time="0.001"/>
  <testcase name="falseHit" classname="com.commercehub.dropwizard.authentication.AdUtilitiesTest" time="0.001"/>
  <system-out><![CDATA[]]></system-out>
  <system-err><![CDATA[]]></system-err>
</testsuite>
