<?xml version="1.1" encoding="UTF-8"?>
<testsuite name="com.commercehub.dropwizard.authentication.AdCredentialsTest" tests="4" failures="0" errors="0" timestamp="2014-10-21T13:43:14" hostname="mac-bs-gh.nexus.commercehub.com" time="0.033">
  <properties/>
  <testcase name="legacyQualifiedUsername" classname="com.commercehub.dropwizard.authentication.AdCredentialsTest" time="0.018"/>
  <testcase name="basicCredConversion" classname="com.commercehub.dropwizard.authentication.AdCredentialsTest" time="0.012"/>
  <testcase name="commonBareUsername" classname="com.commercehub.dropwizard.authentication.AdCredentialsTest" time="0.001"/>
  <testcase name="modernQualifiedUsername" classname="com.commercehub.dropwizard.authentication.AdCredentialsTest" time="0.001"/>
  <system-out><![CDATA[]]></system-out>
  <system-err><![CDATA[]]></system-err>
</testsuite>
