<?xml version="1.1" encoding="UTF-8"?>
<testsuite name="com.commercehub.dropwizard.authentication.AdConstantsTest" tests="1" failures="0" errors="0" timestamp="2014-09-18T19:18:59" hostname="MAC-BS-GH.local" time="0.051">
  <properties/>
  <testcase name="checkForHumanErrorOnConstantsMaintainence" classname="com.commercehub.dropwizard.authentication.AdConstantsTest" time="0.051"/>
  <system-out><![CDATA[]]></system-out>
  <system-err><![CDATA[]]></system-err>
</testsuite>
