<?xml version="1.1" encoding="UTF-8"?>
<testsuite name="com.commercehub.dropwizard.authentication.AdConstantsTest" tests="1" failures="0" errors="0" timestamp="2014-09-24T15:08:53" hostname="MAC-BS-GH.local" time="0.056">
  <properties/>
  <testcase name="checkForHumanErrorOnConstantsMaintainence" classname="com.commercehub.dropwizard.authentication.AdConstantsTest" time="0.056"/>
  <system-out><![CDATA[]]></system-out>
  <system-err><![CDATA[]]></system-err>
</testsuite>
