<?xml version="1.1" encoding="UTF-8"?>
<testsuite name="com.commercehub.dropwizard.authentication.AdConfigurationTest" tests="1" failures="0" errors="0" timestamp="2014-09-24T15:08:53" hostname="MAC-BS-GH.local" time="0.114">
  <properties/>
  <testcase name="checkTimeouts" classname="com.commercehub.dropwizard.authentication.AdConfigurationTest" time="0.114"/>
  <system-out><![CDATA[]]></system-out>
  <system-err><![CDATA[]]></system-err>
</testsuite>
