<?xml version="1.1" encoding="UTF-8"?>
<testsuite name="com.commercehub.dropwizard.authentication.AdCredentialsTest" tests="4" failures="0" errors="0" timestamp="2014-09-24T15:02:23" hostname="MAC-BS-GH.local" time="0.034">
  <properties/>
  <testcase name="legacyQualifiedUsername" classname="com.commercehub.dropwizard.authentication.AdCredentialsTest" time="0.017"/>
  <testcase name="basicCredConversion" classname="com.commercehub.dropwizard.authentication.AdCredentialsTest" time="0.015"/>
  <testcase name="commonBareUsername" classname="com.commercehub.dropwizard.authentication.AdCredentialsTest" time="0.001"/>
  <testcase name="modernQualifiedUsername" classname="com.commercehub.dropwizard.authentication.AdCredentialsTest" time="0.0"/>
  <system-out><![CDATA[]]></system-out>
  <system-err><![CDATA[]]></system-err>
</testsuite>
